2016-03-27 16:29:07.809 xcodebuild[20812:496719] [MT] DVTPlugInManager: Required plug-in compatibility UUID ACA8656B-FEA8-4B6D-8E4A-93F4C95C362C for KSImageNamed.ideplugin (com.ksuther.KSImageNamed) not present
2016-03-27 16:29:07.869 xcodebuild[20812:496719] [MT] PluginLoading: Required plug-in compatibility UUID ACA8656B-FEA8-4B6D-8E4A-93F4C95C362C for plug-in at path '~/Library/Application Support/Developer/Shared/Xcode/Plug-ins/xcfui.xcplugin' not present in DVTPlugInCompatibilityUUIDs
2016-03-27 16:29:07.870 xcodebuild[20812:496719] [MT] PluginLoading: Required plug-in compatibility UUID ACA8656B-FEA8-4B6D-8E4A-93F4C95C362C for plug-in at path '~/Library/Application Support/Developer/Shared/Xcode/Plug-ins/VVDocumenter-Xcode.xcplugin' not present in DVTPlugInCompatibilityUUIDs
2016-03-27 16:29:07.870 xcodebuild[20812:496719] [MT] PluginLoading: Required plug-in compatibility UUID ACA8656B-FEA8-4B6D-8E4A-93F4C95C362C for plug-in at path '~/Library/Application Support/Developer/Shared/Xcode/Plug-ins/SCXcodeSwitchExpander.xcplugin' not present in DVTPlugInCompatibilityUUIDs
2016-03-27 16:29:07.870 xcodebuild[20812:496719] [MT] PluginLoading: Required plug-in compatibility UUID ACA8656B-FEA8-4B6D-8E4A-93F4C95C362C for plug-in at path '~/Library/Application Support/Developer/Shared/Xcode/Plug-ins/SCXcodeMinimap.xcplugin' not present in DVTPlugInCompatibilityUUIDs
2016-03-27 16:29:07.871 xcodebuild[20812:496719] [MT] PluginLoading: Required plug-in compatibility UUID ACA8656B-FEA8-4B6D-8E4A-93F4C95C362C for plug-in at path '~/Library/Application Support/Developer/Shared/Xcode/Plug-ins/SCXcodeEditorInset.xcplugin' not present in DVTPlugInCompatibilityUUIDs
2016-03-27 16:29:07.871 xcodebuild[20812:496719] [MT] PluginLoading: Required plug-in compatibility UUID ACA8656B-FEA8-4B6D-8E4A-93F4C95C362C for plug-in at path '~/Library/Application Support/Developer/Shared/Xcode/Plug-ins/PrettyPrintJSON.xcplugin' not present in DVTPlugInCompatibilityUUIDs
2016-03-27 16:29:07.872 xcodebuild[20812:496719] [MT] PluginLoading: Required plug-in compatibility UUID ACA8656B-FEA8-4B6D-8E4A-93F4C95C362C for plug-in at path '~/Library/Application Support/Developer/Shared/Xcode/Plug-ins/PreciseCoverage.xcplugin' not present in DVTPlugInCompatibilityUUIDs
2016-03-27 16:29:07.872 xcodebuild[20812:496719] [MT] PluginLoading: Required plug-in compatibility UUID ACA8656B-FEA8-4B6D-8E4A-93F4C95C362C for plug-in at path '~/Library/Application Support/Developer/Shared/Xcode/Plug-ins/OMColorSense.xcplugin' not present in DVTPlugInCompatibilityUUIDs
2016-03-27 16:29:07.873 xcodebuild[20812:496719] [MT] PluginLoading: Required plug-in compatibility UUID ACA8656B-FEA8-4B6D-8E4A-93F4C95C362C for plug-in at path '~/Library/Application Support/Developer/Shared/Xcode/Plug-ins/ObjectGraph.xcplugin' not present in DVTPlugInCompatibilityUUIDs
2016-03-27 16:29:07.873 xcodebuild[20812:496719] [MT] PluginLoading: Required plug-in compatibility UUID ACA8656B-FEA8-4B6D-8E4A-93F4C95C362C for plug-in at path '~/Library/Application Support/Developer/Shared/Xcode/Plug-ins/Luft.xcplugin' not present in DVTPlugInCompatibilityUUIDs
2016-03-27 16:29:07.873 xcodebuild[20812:496719] [MT] PluginLoading: Required plug-in compatibility UUID ACA8656B-FEA8-4B6D-8E4A-93F4C95C362C for plug-in at path '~/Library/Application Support/Developer/Shared/Xcode/Plug-ins/IconMaker.xcplugin' not present in DVTPlugInCompatibilityUUIDs
2016-03-27 16:29:07.874 xcodebuild[20812:496719] [MT] PluginLoading: Required plug-in compatibility UUID ACA8656B-FEA8-4B6D-8E4A-93F4C95C362C for plug-in at path '~/Library/Application Support/Developer/Shared/Xcode/Plug-ins/CrashSymbal.xcplugin' not present in DVTPlugInCompatibilityUUIDs
2016-03-27 16:29:07.874 xcodebuild[20812:496719] [MT] PluginLoading: Required plug-in compatibility UUID ACA8656B-FEA8-4B6D-8E4A-93F4C95C362C for plug-in at path '~/Library/Application Support/Developer/Shared/Xcode/Plug-ins/Alcatraz.xcplugin' not present in DVTPlugInCompatibilityUUIDs
2016-03-27 16:29:07.874 xcodebuild[20812:496719] [MT] PluginLoading: Required plug-in compatibility UUID ACA8656B-FEA8-4B6D-8E4A-93F4C95C362C for plug-in at path '~/Library/Application Support/Developer/Shared/Xcode/Plug-ins/AdjustFontSize.xcplugin' not present in DVTPlugInCompatibilityUUIDs
In file included from ../src/bufferutil.cc:15:
../../nan/nan.h:337:54: error: too many arguments to function call, expected at most 2, have 4
    return v8::Signature::New(nan_isolate, receiver, argc, argv);
           ~~~~~~~~~~~~~~~~~~                        ^~~~~~~~~~
/Users/miralemcebic/.node-gyp/5.6.0/include/node/v8.h:4674:3: note: 'New' declared here
  static Local<Signature> New(
  ^
In file included from ../src/bufferutil.cc:15:
../../nan/nan.h:409:19: error: no type named 'ExternalAsciiStringResource' in 'v8::String'; did you mean 'ExternalStringResource'?
      v8::String::ExternalAsciiStringResource *resource) {
      ~~~~~~~~~~~~^~~~~~~~~~~~~~~~~~~~~~~~~~~
                  ExternalStringResource
/Users/miralemcebic/.node-gyp/5.6.0/include/node/v8.h:2207:19: note: 'ExternalStringResource' declared here
  class V8_EXPORT ExternalStringResource
                  ^
In file included from ../src/bufferutil.cc:15:
../../nan/nan.h:408:36: error: redefinition of 'NanNew'
  NAN_INLINE v8::Local<v8::String> NanNew(
                                   ^
../../nan/nan.h:403:36: note: previous definition is here
  NAN_INLINE v8::Local<v8::String> NanNew(
                                   ^
../../nan/nan.h:427:3: error: redefinition of 'NanNew'
  NanNew<v8::StringObject, v8::Handle<v8::String> >(
  ^
../../nan/nan.h:420:3: note: previous definition is here
  NanNew<v8::StringObject, v8::Local<v8::String> >(
  ^
../../nan/nan.h:444:36: error: redefinition of 'NanNew'
  NAN_INLINE v8::Local<v8::RegExp> NanNew(
                                   ^
../../nan/nan.h:438:36: note: previous definition is here
  NAN_INLINE v8::Local<v8::RegExp> NanNew(
                                   ^
../../nan/nan.h:456:36: error: redefinition of 'NanNew'
  NAN_INLINE v8::Local<v8::RegExp> NanNew(
                                   ^
../../nan/nan.h:450:36: note: previous definition is here
  NAN_INLINE v8::Local<v8::RegExp> NanNew(
                                   ^
../../nan/nan.h:767:13: error: no member named 'smalloc' in namespace 'node'
    , node::smalloc::FreeCallback callback
      ~~~~~~^
../../nan/nan.h:777:12: error: no matching function for call to 'New'
    return node::Buffer::New(nan_isolate, data, size);
           ^~~~~~~~~~~~~~~~~
/Users/miralemcebic/.node-gyp/5.6.0/include/node/node_buffer.h:31:40: note: candidate function not viable: no known conversion from 'uint32_t' (aka 'unsigned int') to 'enum encoding' for 3rd argument
NODE_EXTERN v8::MaybeLocal<v8::Object> New(v8::Isolate* isolate,
                                       ^
/Users/miralemcebic/.node-gyp/5.6.0/include/node/node_buffer.h:43:40: note: candidate function not viable: 2nd argument ('const char *') would lose const qualifier
NODE_EXTERN v8::MaybeLocal<v8::Object> New(v8::Isolate* isolate,
                                       ^
/Users/miralemcebic/.node-gyp/5.6.0/include/node/node_buffer.h:28:40: note: candidate function not viable: requires 2 arguments, but 3 were provided
NODE_EXTERN v8::MaybeLocal<v8::Object> New(v8::Isolate* isolate, size_t length);
                                       ^
/Users/miralemcebic/.node-gyp/5.6.0/include/node/node_buffer.h:36:40: note: candidate function not viable: requires 5 arguments, but 3 were provided
NODE_EXTERN v8::MaybeLocal<v8::Object> New(v8::Isolate* isolate,
                                       ^
In file included from ../src/bufferutil.cc:15:
../../nan/nan.h:781:12: error: no viable conversion from returned value of type 'v8::MaybeLocal<v8::Object>' to function return type 'v8::Local<v8::Object>'
    return node::Buffer::New(nan_isolate, size);
           ^~~~~~~~~~~~~~~~~~~~~~~~~~~~~~~~~~~~
/Users/miralemcebic/.node-gyp/5.6.0/include/node/v8.h:210:7: note: candidate constructor (the implicit copy constructor) not viable: no known conversion from 'v8::MaybeLocal<v8::Object>' to 'const v8::Local<v8::Object> &' for 1st argument
class Local {
      ^
/Users/miralemcebic/.node-gyp/5.6.0/include/node/v8.h:210:7: note: candidate constructor (the implicit move constructor) not viable: no known conversion from 'v8::MaybeLocal<v8::Object>' to 'v8::Local<v8::Object> &&' for 1st argument
/Users/miralemcebic/.node-gyp/5.6.0/include/node/v8.h:214:13: note: candidate template ignored: could not match 'Local' against 'MaybeLocal'
  V8_INLINE Local(Local<S> that)
            ^
/Users/miralemcebic/.node-gyp/5.6.0/include/node/v8.h:326:13: note: candidate template ignored: could not match 'S *' against 'v8::MaybeLocal<v8::Object>'
  V8_INLINE Local(S* that)
            ^
In file included from ../src/bufferutil.cc:15:
../../nan/nan.h:788:26: error: no member named 'Use' in namespace 'node::Buffer'
    return node::Buffer::Use(nan_isolate, data, size);
           ~~~~~~~~~~~~~~^
../../nan/nan.h:1728:12: error: no member named 'IsExternalAscii' in 'v8::String'; did you mean 'IsExternal'?
  if (str->IsExternalAscii()) {
           ^~~~~~~~~~~~~~~
           IsExternal
/Users/miralemcebic/.node-gyp/5.6.0/include/node/v8.h:2171:8: note: 'IsExternal' declared here
  bool IsExternal() const;
       ^
In file included from ../src/bufferutil.cc:15:
../../nan/nan.h:1729:23: error: no type named 'ExternalAsciiStringResource' in 'v8::String'; did you mean 'ExternalStringResource'?
    const v8::String::ExternalAsciiStringResource* ext;
          ~~~~~~~~~~~~^~~~~~~~~~~~~~~~~~~~~~~~~~~
                      ExternalStringResource
/Users/miralemcebic/.node-gyp/5.6.0/include/node/v8.h:2207:19: note: 'ExternalStringResource' declared here
  class V8_EXPORT ExternalStringResource
                  ^
In file included from ../src/bufferutil.cc:15:
../../nan/nan.h:1730:16: error: no member named 'GetExternalAsciiStringResource' in 'v8::String'
    ext = str->GetExternalAsciiStringResource();
          ~~~  ^
../../nan/nan.h:1731:11: error: assigning to 'const char *' from incompatible type 'const uint16_t *' (aka 'const unsigned short *')
    *data = ext->data();
          ^ ~~~~~~~~~~~
14 errors generated.
make: *** [Release/obj.target/bufferutil/src/bufferutil.o] Error 1
gyp ERR! build error 
gyp ERR! stack Error: `make` failed with exit code: 2
gyp ERR! stack     at ChildProcess.onExit (/Applications/meanstack-3.2.3-1/nodejs/lib/node_modules/npm/node_modules/node-gyp/lib/build.js:276:23)
gyp ERR! stack     at emitTwo (events.js:100:13)
gyp ERR! stack     at ChildProcess.emit (events.js:185:7)
gyp ERR! stack     at Process.ChildProcess._handle.onexit (internal/child_process.js:200:12)
gyp ERR! System Darwin 15.4.0
gyp ERR! command "/Applications/meanstack-3.2.3-1/nodejs/bin/.node.bin" "/Applications/meanstack-3.2.3-1/nodejs/lib/node_modules/npm/node_modules/node-gyp/bin/node-gyp.js" "rebuild"
gyp ERR! cwd /Applications/meanstack-3.2.3-1/projects/JobDirectory/mean/node_modules/karma/node_modules/ws
gyp ERR! node -v v5.6.0
gyp ERR! node-gyp -v v3.2.1
gyp ERR! not ok 
